
*** Running vivado
    with args -log spi.vds -m64 -product Vivado -mode batch -messageDb vivado.pb -notrace -source spi.tcl


ECHO is off.
ECHO is off.

****** Vivado v2023.2 (64-bit)
  **** SW Build 4029153 on Fri Oct 13 20:14:34 MDT 2023
  **** IP Build 4028589 on Sat Oct 14 00:45:43 MDT 2023
  **** SharedData Build 4025554 on Tue Oct 10 17:18:54 MDT 2023
    ** Copyright 1986-2022 Xilinx, Inc. All Rights Reserved.
    ** Copyright 2022-2023 Advanced Micro Devices, Inc. All Rights Reserved.

source spi.tcl -notrace
create_project: Time (s): cpu = 00:00:08 ; elapsed = 00:00:12 . Memory (MB): peak = 459.430 ; gain = 182.402
Command: read_checkpoint -auto_incremental -incremental C:/Users/htara/OneDrive/Desktop/VIVA/SPI/SPI.srcs/utils_1/imports/synth_1/spi.dcp
INFO: [Vivado 12-5825] Read reference checkpoint from C:/Users/htara/OneDrive/Desktop/VIVA/SPI/SPI.srcs/utils_1/imports/synth_1/spi.dcp for incremental synthesis
INFO: [Vivado 12-7989] Please ensure there are no constraint changes
Command: synth_design -top spi -part xc7a35tcpg236-1
Starting synth_design
Attempting to get a license for feature 'Synthesis' and/or device 'xc7a35t'
INFO: [Common 17-349] Got license for feature 'Synthesis' and/or device 'xc7a35t'
INFO: [Designutils 20-5440] No compile time benefit to using incremental synthesis; A full resynthesis will be run
INFO: [Designutils 20-4379] Flow is switching to default flow due to incremental criteria not met. If you would like to alter this behaviour and have the flow terminate instead, please set the following parameter config_implementation {autoIncr.Synth.RejectBehavior Terminate}
INFO: [Synth 8-7079] Multithreading enabled for synth_design using a maximum of 2 processes.
INFO: [Synth 8-7078] Launching helper process for spawning children vivado processes
WARNING: [Common 17-1361] You have specified a new message control rule that is equivalent to an existing rule with attributes ' -id {17-179}  -suppress '. The existing rule will be replaced.
INFO: [Synth 8-7075] Helper process launched with PID 20712
---------------------------------------------------------------------------------
Starting Synthesize : Time (s): cpu = 00:00:10 ; elapsed = 00:00:14 . Memory (MB): peak = 908.953 ; gain = 438.426
---------------------------------------------------------------------------------
INFO: [Synth 8-6157] synthesizing module 'spi' [C:/Users/htara/OneDrive/Desktop/VIVA/SPI/SPI.srcs/sources_1/new/spi.v:4]
INFO: [Synth 8-6155] done synthesizing module 'spi' (0#1) [C:/Users/htara/OneDrive/Desktop/VIVA/SPI/SPI.srcs/sources_1/new/spi.v:4]
WARNING: [Synth 8-7137] Register state_reg in module spi has both Set and reset with same priority. This may cause simulation mismatches. Consider rewriting code  [C:/Users/htara/OneDrive/Desktop/VIVA/SPI/SPI.srcs/sources_1/new/spi.v:26]
---------------------------------------------------------------------------------
Finished Synthesize : Time (s): cpu = 00:00:13 ; elapsed = 00:00:19 . Memory (MB): peak = 1017.133 ; gain = 546.605
---------------------------------------------------------------------------------
---------------------------------------------------------------------------------
Finished Constraint Validation : Time (s): cpu = 00:00:14 ; elapsed = 00:00:20 . Memory (MB): peak = 1017.133 ; gain = 546.605
---------------------------------------------------------------------------------
---------------------------------------------------------------------------------
Start Loading Part and Timing Information
---------------------------------------------------------------------------------
Loading part: xc7a35tcpg236-1
---------------------------------------------------------------------------------
Finished Loading Part and Timing Information : Time (s): cpu = 00:00:14 ; elapsed = 00:00:20 . Memory (MB): peak = 1017.133 ; gain = 546.605
---------------------------------------------------------------------------------
INFO: [Device 21-403] Loading part xc7a35tcpg236-1
---------------------------------------------------------------------------------
Finished RTL Optimization Phase 2 : Time (s): cpu = 00:00:14 ; elapsed = 00:00:20 . Memory (MB): peak = 1017.133 ; gain = 546.605
---------------------------------------------------------------------------------
No constraint files found.
---------------------------------------------------------------------------------
Start RTL Component Statistics 
---------------------------------------------------------------------------------
Detailed RTL Component Info : 
+---Adders : 
	   2 Input    5 Bit       Adders := 1     
+---Registers : 
	               16 Bit    Registers := 1     
	                5 Bit    Registers := 1     
	                3 Bit    Registers := 1     
	                1 Bit    Registers := 2     
+---Muxes : 
	   2 Input    5 Bit        Muxes := 1     
	   4 Input    5 Bit        Muxes := 1     
	   2 Input    2 Bit        Muxes := 1     
	   4 Input    2 Bit        Muxes := 1     
	   2 Input    1 Bit        Muxes := 6     
	   4 Input    1 Bit        Muxes := 5     
---------------------------------------------------------------------------------
Finished RTL Component Statistics 
---------------------------------------------------------------------------------
---------------------------------------------------------------------------------
Start Part Resource Summary
---------------------------------------------------------------------------------
Part Resources:
DSPs: 90 (col length:60)
BRAMs: 100 (col length: RAMB18 60 RAMB36 30)
---------------------------------------------------------------------------------
Finished Part Resource Summary
---------------------------------------------------------------------------------
No constraint files found.
---------------------------------------------------------------------------------
Start Cross Boundary and Area Optimization
---------------------------------------------------------------------------------
WARNING: [Synth 8-7080] Parallel synthesis criteria is not met
---------------------------------------------------------------------------------
Finished Cross Boundary and Area Optimization : Time (s): cpu = 00:00:23 ; elapsed = 00:00:34 . Memory (MB): peak = 1204.879 ; gain = 734.352
---------------------------------------------------------------------------------
No constraint files found.
---------------------------------------------------------------------------------
Start Timing Optimization
---------------------------------------------------------------------------------
---------------------------------------------------------------------------------
Finished Timing Optimization : Time (s): cpu = 00:00:23 ; elapsed = 00:00:35 . Memory (MB): peak = 1204.879 ; gain = 734.352
---------------------------------------------------------------------------------
---------------------------------------------------------------------------------
Start Technology Mapping
---------------------------------------------------------------------------------
---------------------------------------------------------------------------------
Finished Technology Mapping : Time (s): cpu = 00:00:23 ; elapsed = 00:00:35 . Memory (MB): peak = 1204.879 ; gain = 734.352
---------------------------------------------------------------------------------
---------------------------------------------------------------------------------
Start IO Insertion
---------------------------------------------------------------------------------
---------------------------------------------------------------------------------
Start Flattening Before IO Insertion
---------------------------------------------------------------------------------
---------------------------------------------------------------------------------
Finished Flattening Before IO Insertion
---------------------------------------------------------------------------------
---------------------------------------------------------------------------------
Start Final Netlist Cleanup
---------------------------------------------------------------------------------
---------------------------------------------------------------------------------
Finished Final Netlist Cleanup
---------------------------------------------------------------------------------
---------------------------------------------------------------------------------
Finished IO Insertion : Time (s): cpu = 00:00:34 ; elapsed = 00:00:50 . Memory (MB): peak = 1204.879 ; gain = 734.352
---------------------------------------------------------------------------------
---------------------------------------------------------------------------------
Start Renaming Generated Instances
---------------------------------------------------------------------------------
---------------------------------------------------------------------------------
Finished Renaming Generated Instances : Time (s): cpu = 00:00:34 ; elapsed = 00:00:50 . Memory (MB): peak = 1204.879 ; gain = 734.352
---------------------------------------------------------------------------------
---------------------------------------------------------------------------------
Start Rebuilding User Hierarchy
---------------------------------------------------------------------------------
---------------------------------------------------------------------------------
Finished Rebuilding User Hierarchy : Time (s): cpu = 00:00:34 ; elapsed = 00:00:50 . Memory (MB): peak = 1204.879 ; gain = 734.352
---------------------------------------------------------------------------------
---------------------------------------------------------------------------------
Start Renaming Generated Ports
---------------------------------------------------------------------------------
---------------------------------------------------------------------------------
Finished Renaming Generated Ports : Time (s): cpu = 00:00:34 ; elapsed = 00:00:50 . Memory (MB): peak = 1204.879 ; gain = 734.352
---------------------------------------------------------------------------------
---------------------------------------------------------------------------------
Start Handling Custom Attributes
---------------------------------------------------------------------------------
---------------------------------------------------------------------------------
Finished Handling Custom Attributes : Time (s): cpu = 00:00:34 ; elapsed = 00:00:50 . Memory (MB): peak = 1204.879 ; gain = 734.352
---------------------------------------------------------------------------------
---------------------------------------------------------------------------------
Start Renaming Generated Nets
---------------------------------------------------------------------------------
---------------------------------------------------------------------------------
Finished Renaming Generated Nets : Time (s): cpu = 00:00:34 ; elapsed = 00:00:50 . Memory (MB): peak = 1204.879 ; gain = 734.352
---------------------------------------------------------------------------------
---------------------------------------------------------------------------------
Start Writing Synthesis Report
---------------------------------------------------------------------------------

Report BlackBoxes: 
+-+--------------+----------+
| |BlackBox name |Instances |
+-+--------------+----------+
+-+--------------+----------+

Report Cell Usage: 
+------+------+------+
|      |Cell  |Count |
+------+------+------+
|1     |BUFG  |     1|
|2     |LUT1  |     2|
|3     |LUT2  |     3|
|4     |LUT3  |     4|
|5     |LUT4  |     1|
|6     |LUT5  |     1|
|7     |LUT6  |     6|
|8     |MUXF7 |     2|
|9     |MUXF8 |     1|
|10    |FDCE  |     6|
|11    |FDPE  |     2|
|12    |FDRE  |     2|
|13    |IBUF  |    18|
|14    |OBUF  |     8|
+------+------+------+

Report Instance Areas: 
+------+---------+-------+------+
|      |Instance |Module |Cells |
+------+---------+-------+------+
|1     |top      |       |    57|
+------+---------+-------+------+
---------------------------------------------------------------------------------
Finished Writing Synthesis Report : Time (s): cpu = 00:00:34 ; elapsed = 00:00:50 . Memory (MB): peak = 1204.879 ; gain = 734.352
---------------------------------------------------------------------------------
Synthesis finished with 0 errors, 0 critical warnings and 3 warnings.
Synthesis Optimization Runtime : Time (s): cpu = 00:00:34 ; elapsed = 00:00:50 . Memory (MB): peak = 1204.879 ; gain = 734.352
Synthesis Optimization Complete : Time (s): cpu = 00:00:34 ; elapsed = 00:00:50 . Memory (MB): peak = 1204.879 ; gain = 734.352
INFO: [Project 1-571] Translating synthesized netlist
Netlist sorting complete. Time (s): cpu = 00:00:00 ; elapsed = 00:00:00.003 . Memory (MB): peak = 1214.566 ; gain = 0.000
INFO: [Netlist 29-17] Analyzing 3 Unisim elements for replacement
INFO: [Netlist 29-28] Unisim Transformation completed in 0 CPU seconds
INFO: [Project 1-570] Preparing netlist for logic optimization
INFO: [Opt 31-138] Pushed 0 inverter(s) to 0 load pin(s).
Netlist sorting complete. Time (s): cpu = 00:00:00 ; elapsed = 00:00:00 . Memory (MB): peak = 1308.730 ; gain = 0.000
INFO: [Project 1-111] Unisim Transformation Summary:
No Unisim elements were transformed.

The system cannot find the path specified.
Synth Design complete | Checksum: 2fa1a4f1
INFO: [Common 17-83] Releasing license: Synthesis
18 Infos, 3 Warnings, 0 Critical Warnings and 0 Errors encountered.
synth_design completed successfully
synth_design: Time (s): cpu = 00:00:38 ; elapsed = 00:00:57 . Memory (MB): peak = 1308.730 ; gain = 845.320
Write ShapeDB Complete: Time (s): cpu = 00:00:00 ; elapsed = 00:00:00.004 . Memory (MB): peak = 1308.730 ; gain = 0.000
INFO: [Common 17-1381] The checkpoint 'C:/Users/htara/OneDrive/Desktop/VIVA/SPI/SPI.runs/synth_1/spi.dcp' has been generated.
INFO: [runtcl-4] Executing : report_utilization -file spi_utilization_synth.rpt -pb spi_utilization_synth.pb
INFO: [Common 17-206] Exiting Vivado at Sat Nov 30 19:06:57 2024...
